#
# A fatal error has been detected by the Java Runtime Environment:
#
#  Internal Error (safepoint.cpp:310), pid=28156, tid=0x00007f6a92cec700
#  guarantee(PageArmed == 0) failed: invariant
#
# JRE version: Java(TM) SE Runtime Environment (8.0_131-b11) (build 1.8.0_131-b11)
# Java VM: Java HotSpot(TM) 64-Bit Server VM (25.131-b11 mixed mode linux-amd64 compressed oops)
# Failed to write core dump. Core dumps have been disabled. To enable core dumping, try "ulimit -c unlimited" before starting Java again
#
# If you would like to submit a bug report, please visit:
#   http://bugreport.java.com/bugreport/crash.jsp
#

---------------  T H R E A D  ---------------

Current thread (0x00007f6ab0080800):  VMThread [stack: 0x00007f6a92bed000,0x00007f6a92ced000] [id=28170]

Stack: [0x00007f6a92bed000,0x00007f6a92ced000],  sp=0x00007f6a92ceb7d0,  free space=1017k
Native frames: (J=compiled Java code, j=interpreted, Vv=VM code, C=native code)
V  [libjvm.so+0xac826a]  VMError::report_and_die()+0x2ba
V  [libjvm.so+0x4fcc52]  report_vm_error(char const*, int, char const*, char const*)+0x62
V  [libjvm.so+0x9bef34]  SafepointSynchronize::begin()+0x834
V  [libjvm.so+0xacfeaf]  VMThread::loop()+0x1bf
V  [libjvm.so+0xad0330]  VMThread::run()+0x70
V  [libjvm.so+0x927568]  java_start(Thread*)+0x108

VM_Operation (0x00007f6a927071f0): ParallelGCFailedAllocation, mode: safepoint, requested by thread 0x00007f6ab00bf800


---------------  P R O C E S S  ---------------

Java Threads: ( => current thread )
  0x00007f6ab00ca800 JavaThread "Thread-1" [_thread_in_Java, id=28183, stack(0x00007f6a91f02000,0x00007f6a92003000)]
  0x00007f6ab00d3000 JavaThread "Service Thread" daemon [_thread_blocked, id=28178, stack(0x00007f6a92104000,0x00007f6a92205000)]
  0x00007f6ab00c8000 JavaThread "C1 CompilerThread3" daemon [_thread_blocked, id=28177, stack(0x00007f6a92206000,0x00007f6a92306000)]
  0x00007f6ab00c5800 JavaThread "C2 CompilerThread2" daemon [_thread_blocked, id=28176, stack(0x00007f6a92307000,0x00007f6a92407000)]
  0x00007f6ab00c4000 JavaThread "C2 CompilerThread1" daemon [_thread_blocked, id=28175, stack(0x00007f6a92408000,0x00007f6a92508000)]
  0x00007f6ab00c1000 JavaThread "C2 CompilerThread0" daemon [_thread_blocked, id=28174, stack(0x00007f6a92509000,0x00007f6a92609000)]
  0x00007f6ab00bf800 JavaThread "Signal Dispatcher" daemon [_thread_blocked, id=28173, stack(0x00007f6a92609000,0x00007f6a9270a000)]
  0x00007f6ab008c800 JavaThread "Finalizer" daemon [_thread_blocked, id=28172, stack(0x00007f6a929ea000,0x00007f6a92aeb000)]
  0x00007f6ab0088000 JavaThread "Reference Handler" daemon [_thread_blocked, id=28171, stack(0x00007f6a92aeb000,0x00007f6a92bec000)]
  0x00007f6ab000a800 JavaThread "main" [_thread_blocked, id=28161, stack(0x00007f6ab74f1000,0x00007f6ab75f1000)]

Other Threads:
=>0x00007f6ab0080800 VMThread [stack: 0x00007f6a92bed000,0x00007f6a92ced000] [id=28170]
  0x00007f6ab00d6000 WatcherThread [stack: 0x00007f6a92004000,0x00007f6a92104000] [id=28179]

VM state:synchronizing (normal execution)

VM Mutex/Monitor currently owned by a thread:  ([mutex/lock_event])
[0x00007f6ab0006b90] Safepoint_lock - owner thread: 0x00007f6ab0080800
[0x00007f6ab0006c10] Threads_lock - owner thread: 0x00007f6ab0080800
[0x00007f6ab0007110] Heap_lock - owner thread: 0x00007f6ab00bf800

Heap:
 PSYoungGen      total 22016K, used 21536K [0x00000000e1380000, 0x00000000e2a80000, 0x0000000100000000)
  eden space 21504K, 100% used [0x00000000e1380000,0x00000000e2880000,0x00000000e2880000)
  from space 512K, 6% used [0x00000000e2980000,0x00000000e2988000,0x00000000e2a00000)
  to   space 512K, 0% used [0x00000000e2a00000,0x00000000e2a00000,0x00000000e2a80000)
 ParOldGen       total 64512K, used 39594K [0x00000000a3a00000, 0x00000000a7900000, 0x00000000e1380000)
  object space 64512K, 61% used [0x00000000a3a00000,0x00000000a60aaa80,0x00000000a7900000)
 Metaspace       used 3593K, capacity 4616K, committed 4864K, reserved 1056768K
  class space    used 410K, capacity 432K, committed 512K, reserved 1048576K

Card table byte_map: [0x00007f6aa0d1c000,0x00007f6aa1000000] byte_map_base: 0x00007f6aa07ff000

Marking Bits: (ParMarkBitMap*) 0x00007f6ab699ef60
 Begin Bits: [0x00007f6a991d0000, 0x00007f6a9a8e8000)
 End Bits:   [0x00007f6a9a8e8000, 0x00007f6a9c000000)

Polling page: 0x00007f6ab761c000

CodeCache: size=245760Kb used=1439Kb max_used=1451Kb free=244320Kb
 bounds [0x00007f6aa1000000, 0x00007f6aa1270000, 0x00007f6ab0000000]
 total_blobs=416 nmethods=174 adapters=156
 compilation: enabled

Compilation events (10 events):
Event: 24,282 Thread 0x00007f6ab00c5800  170 %     4       primos.CalculaPrimo::isPrimo @ 12 (30 bytes)
Event: 24,284 Thread 0x00007f6ab00c5800 nmethod 170% 0x00007f6aa1168dd0 code [0x00007f6aa1168f20, 0x00007f6aa1169178]
Event: 24,284 Thread 0x00007f6ab00c5800  171       4       primos.CalculaPrimo::isPrimo (30 bytes)
Event: 24,285 Thread 0x00007f6ab00c5800 nmethod 171 0x00007f6aa115fdd0 code [0x00007f6aa115ff20, 0x00007f6aa1160178]
Event: 24,723 Thread 0x00007f6ab00c8000  172 % !   3       primos.CalculaPrimo::run @ 11 (49 bytes)
Event: 24,723 Thread 0x00007f6ab00c8000 nmethod 172% 0x00007f6aa1161e10 code [0x00007f6aa1161fe0, 0x00007f6aa11625b8]
Event: 24,736 Thread 0x00007f6ab00c8000  173   !   3       primos.CalculaPrimo::run (49 bytes)
Event: 24,736 Thread 0x00007f6ab00c8000 nmethod 173 0x00007f6aa1161410 code [0x00007f6aa11615e0, 0x00007f6aa1161b58]
Event: 25,455 Thread 0x00007f6ab00c4000  174 % !   4       primos.CalculaPrimo::run @ 11 (49 bytes)
Event: 25,457 Thread 0x00007f6ab00c4000 nmethod 174% 0x00007f6aa115f810 code [0x00007f6aa115f960, 0x00007f6aa115fc78]

GC Heap History (10 events):
Event: 22,746 GC heap before
{Heap before GC invocations=63 (full 0):
 PSYoungGen      total 22016K, used 21536K [0x00000000e1380000, 0x00000000e2a80000, 0x0000000100000000)
  eden space 21504K, 100% used [0x00000000e1380000,0x00000000e2880000,0x00000000e2880000)
  from space 512K, 6% used [0x00000000e2a00000,0x00000000e2a08000,0x00000000e2a80000)
  to   space 512K, 0% used [0x00000000e2980000,0x00000000e2980000,0x00000000e2a00000)
 ParOldGen       total 64512K, used 39594K [0x00000000a3a00000, 0x00000000a7900000, 0x00000000e1380000)
  object space 64512K, 61% used [0x00000000a3a00000,0x00000000a60aaa80,0x00000000a7900000)
 Metaspace       used 3587K, capacity 4612K, committed 4864K, reserved 1056768K
  class space    used 409K, capacity 432K, committed 512K, reserved 1048576K
Event: 22,747 GC heap after
Heap after GC invocations=63 (full 0):
 PSYoungGen      total 22016K, used 0K [0x00000000e1380000, 0x00000000e2a80000, 0x0000000100000000)
  eden space 21504K, 0% used [0x00000000e1380000,0x00000000e1380000,0x00000000e2880000)
  from space 512K, 0% used [0x00000000e2980000,0x00000000e2980000,0x00000000e2a00000)
  to   space 512K, 0% used [0x00000000e2a00000,0x00000000e2a00000,0x00000000e2a80000)
 ParOldGen       total 64512K, used 39594K [0x00000000a3a00000, 0x00000000a7900000, 0x00000000e1380000)
  object space 64512K, 61% used [0x00000000a3a00000,0x00000000a60aaa80,0x00000000a7900000)
 Metaspace       used 3587K, capacity 4612K, committed 4864K, reserved 1056768K
  class space    used 409K, capacity 432K, committed 512K, reserved 1048576K
}
Event: 23,057 GC heap before
{Heap before GC invocations=64 (full 0):
 PSYoungGen      total 22016K, used 21504K [0x00000000e1380000, 0x00000000e2a80000, 0x0000000100000000)
  eden space 21504K, 100% used [0x00000000e1380000,0x00000000e2880000,0x00000000e2880000)
  from space 512K, 0% used [0x00000000e2980000,0x00000000e2980000,0x00000000e2a00000)
  to   space 512K, 0% used [0x00000000e2a00000,0x00000000e2a00000,0x00000000e2a80000)
 ParOldGen       total 64512K, used 39594K [0x00000000a3a00000, 0x00000000a7900000, 0x00000000e1380000)
  object space 64512K, 61% used [0x00000000a3a00000,0x00000000a60aaa80,0x00000000a7900000)
 Metaspace       used 3587K, capacity 4612K, committed 4864K, reserved 1056768K
  class space    used 409K, capacity 432K, committed 512K, reserved 1048576K
Event: 23,058 GC heap after
Heap after GC invocations=64 (full 0):
 PSYoungGen      total 22016K, used 32K [0x00000000e1380000, 0x00000000e2a80000, 0x0000000100000000)
  eden space 21504K, 0% used [0x00000000e1380000,0x00000000e1380000,0x00000000e2880000)
  from space 512K, 6% used [0x00000000e2a00000,0x00000000e2a08000,0x00000000e2a80000)
  to   space 512K, 0% used [0x00000000e2980000,0x00000000e2980000,0x00000000e2a00000)
 ParOldGen       total 64512K, used 39594K [0x00000000a3a00000, 0x00000000a7900000, 0x00000000e1380000)
  object space 64512K, 61% used [0x00000000a3a00000,0x00000000a60aaa80,0x00000000a7900000)
 Metaspace       used 3587K, capacity 4612K, committed 4864K, reserved 1056768K
  class space    used 409K, capacity 432K, committed 512K, reserved 1048576K
}
Event: 23,396 GC heap before
{Heap before GC invocations=65 (full 0):
 PSYoungGen      total 22016K, used 21536K [0x00000000e1380000, 0x00000000e2a80000, 0x0000000100000000)
  eden space 21504K, 100% used [0x00000000e1380000,0x00000000e2880000,0x00000000e2880000)
  from space 512K, 6% used [0x00000000e2a00000,0x00000000e2a08000,0x00000000e2a80000)
  to   space 512K, 0% used [0x00000000e2980000,0x00000000e2980000,0x00000000e2a00000)
 ParOldGen       total 64512K, used 39594K [0x00000000a3a00000, 0x00000000a7900000, 0x00000000e1380000)
  object space 64512K, 61% used [0x00000000a3a00000,0x00000000a60aaa80,0x00000000a7900000)
 Metaspace       used 3587K, capacity 4612K, committed 4864K, reserved 1056768K
  class space    used 409K, capacity 432K, committed 512K, reserved 1048576K
Event: 23,397 GC heap after
Heap after GC invocations=65 (full 0):
 PSYoungGen      total 22016K, used 32K [0x00000000e1380000, 0x00000000e2a80000, 0x0000000100000000)
  eden space 21504K, 0% used [0x00000000e1380000,0x00000000e1380000,0x00000000e2880000)
  from space 512K, 6% used [0x00000000e2980000,0x00000000e2988000,0x00000000e2a00000)
  to   space 512K, 0% used [0x00000000e2a00000,0x00000000e2a00000,0x00000000e2a80000)
 ParOldGen       total 64512K, used 39594K [0x00000000a3a00000, 0x00000000a7900000, 0x00000000e1380000)
  object space 64512K, 61% used [0x00000000a3a00000,0x00000000a60aaa80,0x00000000a7900000)
 Metaspace       used 3587K, capacity 4612K, committed 4864K, reserved 1056768K
  class space    used 409K, capacity 432K, committed 512K, reserved 1048576K
}
Event: 23,687 GC heap before
{Heap before GC invocations=66 (full 0):
 PSYoungGen      total 22016K, used 21536K [0x00000000e1380000, 0x00000000e2a80000, 0x0000000100000000)
  eden space 21504K, 100% used [0x00000000e1380000,0x00000000e2880000,0x00000000e2880000)
  from space 512K, 6% used [0x00000000e2980000,0x00000000e2988000,0x00000000e2a00000)
  to   space 512K, 0% used [0x00000000e2a00000,0x00000000e2a00000,0x00000000e2a80000)
 ParOldGen       total 64512K, used 39594K [0x00000000a3a00000, 0x00000000a7900000, 0x00000000e1380000)
  object space 64512K, 61% used [0x00000000a3a00000,0x00000000a60aaa80,0x00000000a7900000)
 Metaspace       used 3587K, capacity 4612K, committed 4864K, reserved 1056768K
  class space    used 409K, capacity 432K, committed 512K, reserved 1048576K
Event: 23,688 GC heap after
Heap after GC invocations=66 (full 0):
 PSYoungGen      total 22016K, used 0K [0x00000000e1380000, 0x00000000e2a80000, 0x0000000100000000)
  eden space 21504K, 0% used [0x00000000e1380000,0x00000000e1380000,0x00000000e2880000)
  from space 512K, 0% used [0x00000000e2a00000,0x00000000e2a00000,0x00000000e2a80000)
  to   space 512K, 0% used [0x00000000e2980000,0x00000000e2980000,0x00000000e2a00000)
 ParOldGen       total 64512K, used 39594K [0x00000000a3a00000, 0x00000000a7900000, 0x00000000e1380000)
  object space 64512K, 61% used [0x00000000a3a00000,0x00000000a60aaa80,0x00000000a7900000)
 Metaspace       used 3587K, capacity 4612K, committed 4864K, reserved 1056768K
  class space    used 409K, capacity 432K, committed 512K, reserved 1048576K
}
Event: 23,964 GC heap before
{Heap before GC invocations=67 (full 0):
 PSYoungGen      total 22016K, used 21504K [0x00000000e1380000, 0x00000000e2a80000, 0x0000000100000000)
  eden space 21504K, 100% used [0x00000000e1380000,0x00000000e2880000,0x00000000e2880000)
  from space 512K, 0% used [0x00000000e2a00000,0x00000000e2a00000,0x00000000e2a80000)
  to   space 512K, 0% used [0x00000000e2980000,0x00000000e2980000,0x00000000e2a00000)
 ParOldGen       total 64512K, used 39594K [0x00000000a3a00000, 0x00000000a7900000, 0x00000000e1380000)
  object space 64512K, 61% used [0x00000000a3a00000,0x00000000a60aaa80,0x00000000a7900000)
 Metaspace       used 3587K, capacity 4612K, committed 4864K, reserved 1056768K
  class space    used 409K, capacity 432K, committed 512K, reserved 1048576K
Event: 23,964 GC heap after
Heap after GC invocations=67 (full 0):
 PSYoungGen      total 22016K, used 32K [0x00000000e1380000, 0x00000000e2a80000, 0x0000000100000000)
  eden space 21504K, 0% used [0x00000000e1380000,0x00000000e1380000,0x00000000e2880000)
  from space 512K, 6% used [0x00000000e2980000,0x00000000e2988000,0x00000000e2a00000)
  to   space 512K, 0% used [0x00000000e2a00000,0x00000000e2a00000,0x00000000e2a80000)
 ParOldGen       total 64512K, used 39594K [0x00000000a3a00000, 0x00000000a7900000, 0x00000000e1380000)
  object space 64512K, 61% used [0x00000000a3a00000,0x00000000a60aaa80,0x00000000a7900000)
 Metaspace       used 3587K, capacity 4612K, committed 4864K, reserved 1056768K
  class space    used 409K, capacity 432K, committed 512K, reserved 1048576K
}

Deoptimization events (4 events):
Event: 4,056 Thread 0x00007f6ab0146000 Uncommon trap: reason=unstable_if action=reinterpret pc=0x00007f6aa115b7d4 method=java.lang.Integer.getChars(II[C)V @ 20
Event: 4,056 Thread 0x00007f6ab0146000 Uncommon trap: reason=unstable_if action=reinterpret pc=0x00007f6aa1155740 method=java.lang.Integer.getChars(II[C)V @ 20
Event: 4,146 Thread 0x00007f6ab0146000 Uncommon trap: reason=unstable_if action=reinterpret pc=0x00007f6aa1165d70 method=java.lang.Integer.getChars(II[C)V @ 20
Event: 24,229 Thread 0x00007f6ab0146000 Uncommon trap: reason=unstable_if action=reinterpret pc=0x00007f6aa1157914 method=util.SequencialLogica.logica([III)V @ 28

Internal exceptions (6 events):
Event: 0,019 Thread 0x00007f6ab000a800 Exception <a 'java/lang/NoSuchMethodError': Method sun.misc.Unsafe.defineClass(Ljava/lang/String;[BII)Ljava/lang/Class; name or signature does not match> (0x00000000e1387ca8) thrown at [/HUDSON/workspace/8-2-build-linux-amd64/jdk8u131/8869/hotspot/src/sha
Event: 0,019 Thread 0x00007f6ab000a800 Exception <a 'java/lang/NoSuchMethodError': Method sun.misc.Unsafe.prefetchRead(Ljava/lang/Object;J)V name or signature does not match> (0x00000000e1387f90) thrown at [/HUDSON/workspace/8-2-build-linux-amd64/jdk8u131/8869/hotspot/src/share/vm/prims/jni.cp
Event: 0,056 Thread 0x00007f6ab000a800 Exception <a 'java/security/PrivilegedActionException'> (0x00000000e1482238) thrown at [/HUDSON/workspace/8-2-build-linux-amd64/jdk8u131/8869/hotspot/src/share/vm/prims/jvm.cpp, line 1390]
Event: 0,056 Thread 0x00007f6ab000a800 Exception <a 'java/security/PrivilegedActionException'> (0x00000000e1482630) thrown at [/HUDSON/workspace/8-2-build-linux-amd64/jdk8u131/8869/hotspot/src/share/vm/prims/jvm.cpp, line 1390]
Event: 0,056 Thread 0x00007f6ab000a800 Exception <a 'java/security/PrivilegedActionException'> (0x00000000e1484d40) thrown at [/HUDSON/workspace/8-2-build-linux-amd64/jdk8u131/8869/hotspot/src/share/vm/prims/jvm.cpp, line 1390]
Event: 0,056 Thread 0x00007f6ab000a800 Exception <a 'java/security/PrivilegedActionException'> (0x00000000e1485138) thrown at [/HUDSON/workspace/8-2-build-linux-amd64/jdk8u131/8869/hotspot/src/share/vm/prims/jvm.cpp, line 1390]

Events (10 events):
Event: 24,285 Thread 0x00007f6ab00ca800 DEOPT PACKING pc=0x00007f6aa115bf86 sp=0x00007f6a92001580
Event: 24,285 Thread 0x00007f6ab00ca800 DEOPT UNPACKING pc=0x00007f6aa1047633 sp=0x00007f6a920012b8 mode 0
Event: 24,285 Thread 0x00007f6ab00ca800 DEOPT PACKING pc=0x00007f6aa115bf86 sp=0x00007f6a92001580
Event: 24,285 Thread 0x00007f6ab00ca800 DEOPT UNPACKING pc=0x00007f6aa1047633 sp=0x00007f6a920012b8 mode 0
Event: 24,285 Thread 0x00007f6ab00ca800 DEOPT PACKING pc=0x00007f6aa115bf86 sp=0x00007f6a92001580
Event: 24,285 Thread 0x00007f6ab00ca800 DEOPT UNPACKING pc=0x00007f6aa1047633 sp=0x00007f6a920012b8 mode 0
Event: 25,641 Thread 0x00007f6ab00ca800 DEOPT PACKING pc=0x00007f6aa1162440 sp=0x00007f6a92001580
Event: 25,641 Thread 0x00007f6ab00ca800 DEOPT UNPACKING pc=0x00007f6aa1047633 sp=0x00007f6a92001328 mode 0
Event: 327,174 loading class sun/misc/Signal$1
Event: 327,174 Executing VM operation: ParallelGCFailedAllocation


Dynamic libraries:
00400000-00401000 r-xp 00000000 08:01 1318135                            /usr/local/java/jdk1.8.0_131/bin/java
00600000-00601000 rw-p 00000000 08:01 1318135                            /usr/local/java/jdk1.8.0_131/bin/java
0200c000-0202d000 rw-p 00000000 00:00 0                                  [heap]
a3a00000-a7900000 rw-p 00000000 00:00 0 
a7900000-e1380000 ---p 00000000 00:00 0 
e1380000-e2a80000 rw-p 00000000 00:00 0 
e2a80000-100000000 ---p 00000000 00:00 0 
100000000-100080000 rw-p 00000000 00:00 0 
100080000-140000000 ---p 00000000 00:00 0 
7f6a3c000000-7f6a3c021000 rw-p 00000000 00:00 0 
7f6a3c021000-7f6a40000000 ---p 00000000 00:00 0 
7f6a44000000-7f6a44021000 rw-p 00000000 00:00 0 
7f6a44021000-7f6a48000000 ---p 00000000 00:00 0 
7f6a48000000-7f6a48021000 rw-p 00000000 00:00 0 
7f6a48021000-7f6a4c000000 ---p 00000000 00:00 0 
7f6a4c000000-7f6a4c1f3000 rw-p 00000000 00:00 0 
7f6a4c1f3000-7f6a50000000 ---p 00000000 00:00 0 
7f6a50000000-7f6a500ca000 rw-p 00000000 00:00 0 
7f6a500ca000-7f6a54000000 ---p 00000000 00:00 0 
7f6a54000000-7f6a54125000 rw-p 00000000 00:00 0 
7f6a54125000-7f6a58000000 ---p 00000000 00:00 0 
7f6a58000000-7f6a58123000 rw-p 00000000 00:00 0 
7f6a58123000-7f6a5c000000 ---p 00000000 00:00 0 
7f6a5c000000-7f6a5c021000 rw-p 00000000 00:00 0 
7f6a5c021000-7f6a60000000 ---p 00000000 00:00 0 
7f6a60000000-7f6a60021000 rw-p 00000000 00:00 0 
7f6a60021000-7f6a64000000 ---p 00000000 00:00 0 
7f6a64000000-7f6a64021000 rw-p 00000000 00:00 0 
7f6a64021000-7f6a68000000 ---p 00000000 00:00 0 
7f6a68000000-7f6a68021000 rw-p 00000000 00:00 0 
7f6a68021000-7f6a6c000000 ---p 00000000 00:00 0 
7f6a6c000000-7f6a6c021000 rw-p 00000000 00:00 0 
7f6a6c021000-7f6a70000000 ---p 00000000 00:00 0 
7f6a70000000-7f6a70021000 rw-p 00000000 00:00 0 
7f6a70021000-7f6a74000000 ---p 00000000 00:00 0 
7f6a74000000-7f6a74021000 rw-p 00000000 00:00 0 
7f6a74021000-7f6a78000000 ---p 00000000 00:00 0 
7f6a7c000000-7f6a7c021000 rw-p 00000000 00:00 0 
7f6a7c021000-7f6a80000000 ---p 00000000 00:00 0 
7f6a84000000-7f6a84021000 rw-p 00000000 00:00 0 
7f6a84021000-7f6a88000000 ---p 00000000 00:00 0 
7f6a8c000000-7f6a8c021000 rw-p 00000000 00:00 0 
7f6a8c021000-7f6a90000000 ---p 00000000 00:00 0 
7f6a91c7b000-7f6a91f02000 rw-p 00000000 00:00 0 
7f6a91f02000-7f6a91f05000 ---p 00000000 00:00 0 
7f6a91f05000-7f6a92003000 rw-p 00000000 00:00 0 
7f6a92003000-7f6a92004000 ---p 00000000 00:00 0 
7f6a92004000-7f6a92104000 rw-p 00000000 00:00 0 
7f6a92104000-7f6a92107000 ---p 00000000 00:00 0 
7f6a92107000-7f6a92205000 rw-p 00000000 00:00 0 
7f6a92205000-7f6a92206000 ---p 00000000 00:00 0 
7f6a92206000-7f6a92209000 ---p 00000000 00:00 0 
7f6a92209000-7f6a92306000 rw-p 00000000 00:00 0 
7f6a92306000-7f6a92307000 ---p 00000000 00:00 0 
7f6a92307000-7f6a9230a000 ---p 00000000 00:00 0 
7f6a9230a000-7f6a92407000 rw-p 00000000 00:00 0 
7f6a92407000-7f6a92408000 ---p 00000000 00:00 0 
7f6a92408000-7f6a9240b000 ---p 00000000 00:00 0 
7f6a9240b000-7f6a92508000 rw-p 00000000 00:00 0 
7f6a92508000-7f6a92509000 ---p 00000000 00:00 0 
7f6a92509000-7f6a9250c000 ---p 00000000 00:00 0 
7f6a9250c000-7f6a92609000 rw-p 00000000 00:00 0 
7f6a92609000-7f6a9260c000 ---p 00000000 00:00 0 
7f6a9260c000-7f6a9270a000 rw-p 00000000 00:00 0 
7f6a9270a000-7f6a929ea000 r--p 00000000 08:01 1314924                    /usr/lib/locale/locale-archive
7f6a929ea000-7f6a929ed000 ---p 00000000 00:00 0 
7f6a929ed000-7f6a92aeb000 rw-p 00000000 00:00 0 
7f6a92aeb000-7f6a92aee000 ---p 00000000 00:00 0 
7f6a92aee000-7f6a92bec000 rw-p 00000000 00:00 0 
7f6a92bec000-7f6a92bed000 ---p 00000000 00:00 0 
7f6a92bed000-7f6a94000000 rw-p 00000000 00:00 0 
7f6a94000000-7f6a94021000 rw-p 00000000 00:00 0 
7f6a94021000-7f6a98000000 ---p 00000000 00:00 0 
7f6a98046000-7f6a98050000 r--s 00116000 08:01 1326225                    /usr/local/java/jdk1.8.0_131/jre/lib/ext/localedata.jar
7f6a98050000-7f6a9806c000 r--s 00393000 08:01 1326218                    /usr/local/java/jdk1.8.0_131/jre/lib/ext/cldrdata.jar
7f6a9806c000-7f6a987f7000 rw-p 00000000 00:00 0 
7f6a987f7000-7f6a989d0000 r--s 03d40000 08:01 1326162                    /usr/local/java/jdk1.8.0_131/jre/lib/rt.jar
7f6a989d0000-7f6a98e10000 rw-p 00000000 00:00 0 
7f6a98e10000-7f6a991d0000 ---p 00000000 00:00 0 
7f6a991d0000-7f6a9c000000 rw-p 00000000 00:00 0 
7f6a9c000000-7f6a9c021000 rw-p 00000000 00:00 0 
7f6a9c021000-7f6aa0000000 ---p 00000000 00:00 0 
7f6aa0002000-7f6aa0428000 rw-p 00000000 00:00 0 
7f6aa0428000-7f6aa0429000 ---p 00000000 00:00 0 
7f6aa0429000-7f6aa0529000 rw-p 00000000 00:00 0 
7f6aa0529000-7f6aa052a000 ---p 00000000 00:00 0 
7f6aa052a000-7f6aa062a000 rw-p 00000000 00:00 0 
7f6aa062a000-7f6aa062b000 ---p 00000000 00:00 0 
7f6aa062b000-7f6aa072b000 rw-p 00000000 00:00 0 
7f6aa072b000-7f6aa072c000 ---p 00000000 00:00 0 
7f6aa072c000-7f6aa082c000 rw-p 00000000 00:00 0 
7f6aa082c000-7f6aa082d000 ---p 00000000 00:00 0 
7f6aa082d000-7f6aa092d000 rw-p 00000000 00:00 0 
7f6aa092d000-7f6aa092e000 ---p 00000000 00:00 0 
7f6aa092e000-7f6aa0a2e000 rw-p 00000000 00:00 0 
7f6aa0a2e000-7f6aa0a2f000 ---p 00000000 00:00 0 
7f6aa0a2f000-7f6aa0b4f000 rw-p 00000000 00:00 0 
7f6aa0b4f000-7f6aa0d1c000 ---p 00000000 00:00 0 
7f6aa0d1c000-7f6aa0d3c000 rw-p 00000000 00:00 0 
7f6aa0d3c000-7f6aa0f08000 ---p 00000000 00:00 0 
7f6aa0f08000-7f6aa0f15000 rw-p 00000000 00:00 0 
7f6aa0f15000-7f6aa0fff000 ---p 00000000 00:00 0 
7f6aa0fff000-7f6aa1000000 rw-p 00000000 00:00 0 
7f6aa1000000-7f6aa1270000 rwxp 00000000 00:00 0 
7f6aa1270000-7f6ab0000000 ---p 00000000 00:00 0 
7f6ab0000000-7f6ab014f000 rw-p 00000000 00:00 0 
7f6ab014f000-7f6ab4000000 ---p 00000000 00:00 0 
7f6ab4002000-7f6ab40db000 rw-p 00000000 00:00 0 
7f6ab40db000-7f6ab40dc000 ---p 00000000 00:00 0 
7f6ab40dc000-7f6ab41e6000 rw-p 00000000 00:00 0 
7f6ab41e6000-7f6ab459c000 ---p 00000000 00:00 0 
7f6ab459c000-7f6ab45b6000 r-xp 00000000 08:01 1326367                    /usr/local/java/jdk1.8.0_131/jre/lib/amd64/libzip.so
7f6ab45b6000-7f6ab47b6000 ---p 0001a000 08:01 1326367                    /usr/local/java/jdk1.8.0_131/jre/lib/amd64/libzip.so
7f6ab47b6000-7f6ab47b7000 rw-p 0001a000 08:01 1326367                    /usr/local/java/jdk1.8.0_131/jre/lib/amd64/libzip.so
7f6ab47b7000-7f6ab47c2000 r-xp 00000000 08:01 1973858                    /lib/x86_64-linux-gnu/libnss_files-2.27.so
7f6ab47c2000-7f6ab49c1000 ---p 0000b000 08:01 1973858                    /lib/x86_64-linux-gnu/libnss_files-2.27.so
7f6ab49c1000-7f6ab49c2000 r--p 0000a000 08:01 1973858                    /lib/x86_64-linux-gnu/libnss_files-2.27.so
7f6ab49c2000-7f6ab49c3000 rw-p 0000b000 08:01 1973858                    /lib/x86_64-linux-gnu/libnss_files-2.27.so
7f6ab49c3000-7f6ab49c9000 rw-p 00000000 00:00 0 
7f6ab49c9000-7f6ab49e0000 r-xp 00000000 08:01 1973852                    /lib/x86_64-linux-gnu/libnsl-2.27.so
7f6ab49e0000-7f6ab4bdf000 ---p 00017000 08:01 1973852                    /lib/x86_64-linux-gnu/libnsl-2.27.so
7f6ab4bdf000-7f6ab4be0000 r--p 00016000 08:01 1973852                    /lib/x86_64-linux-gnu/libnsl-2.27.so
7f6ab4be0000-7f6ab4be1000 rw-p 00017000 08:01 1973852                    /lib/x86_64-linux-gnu/libnsl-2.27.so
7f6ab4be1000-7f6ab4be3000 rw-p 00000000 00:00 0 
7f6ab4be3000-7f6ab4bee000 r-xp 00000000 08:01 1973862                    /lib/x86_64-linux-gnu/libnss_nis-2.27.so
7f6ab4bee000-7f6ab4ded000 ---p 0000b000 08:01 1973862                    /lib/x86_64-linux-gnu/libnss_nis-2.27.so
7f6ab4ded000-7f6ab4dee000 r--p 0000a000 08:01 1973862                    /lib/x86_64-linux-gnu/libnss_nis-2.27.so
7f6ab4dee000-7f6ab4def000 rw-p 0000b000 08:01 1973862                    /lib/x86_64-linux-gnu/libnss_nis-2.27.so
7f6ab4def000-7f6ab4df7000 r-xp 00000000 08:01 1973854                    /lib/x86_64-linux-gnu/libnss_compat-2.27.so
7f6ab4df7000-7f6ab4ff7000 ---p 00008000 08:01 1973854                    /lib/x86_64-linux-gnu/libnss_compat-2.27.so
7f6ab4ff7000-7f6ab4ff8000 r--p 00008000 08:01 1973854                    /lib/x86_64-linux-gnu/libnss_compat-2.27.so
7f6ab4ff8000-7f6ab4ff9000 rw-p 00009000 08:01 1973854                    /lib/x86_64-linux-gnu/libnss_compat-2.27.so
7f6ab4ff9000-7f6ab5024000 r-xp 00000000 08:01 1326361                    /usr/local/java/jdk1.8.0_131/jre/lib/amd64/libjava.so
7f6ab5024000-7f6ab5223000 ---p 0002b000 08:01 1326361                    /usr/local/java/jdk1.8.0_131/jre/lib/amd64/libjava.so
7f6ab5223000-7f6ab5225000 rw-p 0002a000 08:01 1326361                    /usr/local/java/jdk1.8.0_131/jre/lib/amd64/libjava.so
7f6ab5225000-7f6ab5232000 r-xp 00000000 08:01 1326366                    /usr/local/java/jdk1.8.0_131/jre/lib/amd64/libverify.so
7f6ab5232000-7f6ab5431000 ---p 0000d000 08:01 1326366                    /usr/local/java/jdk1.8.0_131/jre/lib/amd64/libverify.so
7f6ab5431000-7f6ab5433000 rw-p 0000c000 08:01 1326366                    /usr/local/java/jdk1.8.0_131/jre/lib/amd64/libverify.so
7f6ab5433000-7f6ab543a000 r-xp 00000000 08:01 1973871                    /lib/x86_64-linux-gnu/librt-2.27.so
7f6ab543a000-7f6ab5639000 ---p 00007000 08:01 1973871                    /lib/x86_64-linux-gnu/librt-2.27.so
7f6ab5639000-7f6ab563a000 r--p 00006000 08:01 1973871                    /lib/x86_64-linux-gnu/librt-2.27.so
7f6ab563a000-7f6ab563b000 rw-p 00007000 08:01 1973871                    /lib/x86_64-linux-gnu/librt-2.27.so
7f6ab563b000-7f6ab57d8000 r-xp 00000000 08:01 1973846                    /lib/x86_64-linux-gnu/libm-2.27.so
7f6ab57d8000-7f6ab59d7000 ---p 0019d000 08:01 1973846                    /lib/x86_64-linux-gnu/libm-2.27.so
7f6ab59d7000-7f6ab59d8000 r--p 0019c000 08:01 1973846                    /lib/x86_64-linux-gnu/libm-2.27.so
7f6ab59d8000-7f6ab59d9000 rw-p 0019d000 08:01 1973846                    /lib/x86_64-linux-gnu/libm-2.27.so
7f6ab59d9000-7f6ab66a8000 r-xp 00000000 08:01 1326344                    /usr/local/java/jdk1.8.0_131/jre/lib/amd64/server/libjvm.so
7f6ab66a8000-7f6ab68a8000 ---p 00ccf000 08:01 1326344                    /usr/local/java/jdk1.8.0_131/jre/lib/amd64/server/libjvm.so
7f6ab68a8000-7f6ab6981000 rw-p 00ccf000 08:01 1326344                    /usr/local/java/jdk1.8.0_131/jre/lib/amd64/server/libjvm.so
7f6ab6981000-7f6ab69cc000 rw-p 00000000 00:00 0 
7f6ab69cc000-7f6ab6bb3000 r-xp 00000000 08:01 1973838                    /lib/x86_64-linux-gnu/libc-2.27.so
7f6ab6bb3000-7f6ab6db3000 ---p 001e7000 08:01 1973838                    /lib/x86_64-linux-gnu/libc-2.27.so
7f6ab6db3000-7f6ab6db7000 r--p 001e7000 08:01 1973838                    /lib/x86_64-linux-gnu/libc-2.27.so
7f6ab6db7000-7f6ab6db9000 rw-p 001eb000 08:01 1973838                    /lib/x86_64-linux-gnu/libc-2.27.so
7f6ab6db9000-7f6ab6dbd000 rw-p 00000000 00:00 0 
7f6ab6dbd000-7f6ab6dc0000 r-xp 00000000 08:01 1973844                    /lib/x86_64-linux-gnu/libdl-2.27.so
7f6ab6dc0000-7f6ab6fbf000 ---p 00003000 08:01 1973844                    /lib/x86_64-linux-gnu/libdl-2.27.so
7f6ab6fbf000-7f6ab6fc0000 r--p 00002000 08:01 1973844                    /lib/x86_64-linux-gnu/libdl-2.27.so
7f6ab6fc0000-7f6ab6fc1000 rw-p 00003000 08:01 1973844                    /lib/x86_64-linux-gnu/libdl-2.27.so
7f6ab6fc1000-7f6ab6fd6000 r-xp 00000000 08:01 1325977                    /usr/local/java/jdk1.8.0_131/lib/amd64/jli/libjli.so
7f6ab6fd6000-7f6ab71d6000 ---p 00015000 08:01 1325977                    /usr/local/java/jdk1.8.0_131/lib/amd64/jli/libjli.so
7f6ab71d6000-7f6ab71d7000 rw-p 00015000 08:01 1325977                    /usr/local/java/jdk1.8.0_131/lib/amd64/jli/libjli.so
7f6ab71d7000-7f6ab71f1000 r-xp 00000000 08:01 1973868                    /lib/x86_64-linux-gnu/libpthread-2.27.so
7f6ab71f1000-7f6ab73f0000 ---p 0001a000 08:01 1973868                    /lib/x86_64-linux-gnu/libpthread-2.27.so
7f6ab73f0000-7f6ab73f1000 r--p 00019000 08:01 1973868                    /lib/x86_64-linux-gnu/libpthread-2.27.so
7f6ab73f1000-7f6ab73f2000 rw-p 0001a000 08:01 1973868                    /lib/x86_64-linux-gnu/libpthread-2.27.so
7f6ab73f2000-7f6ab73f6000 rw-p 00000000 00:00 0 
7f6ab73f6000-7f6ab741d000 r-xp 00000000 08:01 1973830                    /lib/x86_64-linux-gnu/ld-2.27.so
7f6ab741e000-7f6ab74f0000 rw-p 00000000 00:00 0 
7f6ab74f0000-7f6ab74f1000 ---p 00000000 00:00 0 
7f6ab74f1000-7f6ab74f4000 ---p 00000000 00:00 0 
7f6ab74f4000-7f6ab75f5000 rw-p 00000000 00:00 0 
7f6ab75f6000-7f6ab7613000 rw-p 00000000 00:00 0 
7f6ab7613000-7f6ab761b000 rw-s 00000000 08:01 788398                     /tmp/hsperfdata_matheus/28156
7f6ab761b000-7f6ab761c000 rw-p 00000000 00:00 0 
7f6ab761c000-7f6ab761d000 ---p 00000000 00:00 0 
7f6ab761d000-7f6ab761e000 r--p 00027000 08:01 1973830                    /lib/x86_64-linux-gnu/ld-2.27.so
7f6ab761e000-7f6ab761f000 rw-p 00028000 08:01 1973830                    /lib/x86_64-linux-gnu/ld-2.27.so
7f6ab761f000-7f6ab7620000 rw-p 00000000 00:00 0 
7ffd99051000-7ffd99072000 rw-p 00000000 00:00 0                          [stack]
7ffd990a1000-7ffd990a4000 r--p 00000000 00:00 0                          [vvar]
7ffd990a4000-7ffd990a6000 r-xp 00000000 00:00 0                          [vdso]
ffffffffff600000-ffffffffff601000 r-xp 00000000 00:00 0                  [vsyscall]

VM Arguments:
jvm_args: -Dfile.encoding=UTF-8 
java_command: primos.Primos
java_class_path (initial): /home/matheus/Documentos/Programacao/Java/JavaSE/Atividade/bin
Launcher Type: SUN_STANDARD

Environment Variables:
JAVA_HOME=/usr/local/java/jdk1.8.0_131
PATH=/home/matheus/bin:/home/matheus/.local/bin:/usr/local/sbin:/usr/local/bin:/usr/sbin:/usr/bin:/sbin:/bin:/usr/games:/usr/local/games:/opt/android-studio/bin:/snap/bin:/home/matheus/bin:/usr/local/java/jdk1.8.0_131/bin
USERNAME=matheus
SHELL=/bin/bash
DISPLAY=:1

Signal Handlers:
SIGSEGV: [libjvm.so+0xac8af0], sa_mask[0]=11111111011111111101111111111110, sa_flags=SA_RESTART|SA_SIGINFO
SIGBUS: [libjvm.so+0xac8af0], sa_mask[0]=11111111011111111101111111111110, sa_flags=SA_RESTART|SA_SIGINFO
SIGFPE: [libjvm.so+0x921dd0], sa_mask[0]=11111111011111111101111111111110, sa_flags=SA_RESTART|SA_SIGINFO
SIGPIPE: [libjvm.so+0x921dd0], sa_mask[0]=11111111011111111101111111111110, sa_flags=SA_RESTART|SA_SIGINFO
SIGXFSZ: [libjvm.so+0x921dd0], sa_mask[0]=11111111011111111101111111111110, sa_flags=SA_RESTART|SA_SIGINFO
SIGILL: [libjvm.so+0x921dd0], sa_mask[0]=11111111011111111101111111111110, sa_flags=SA_RESTART|SA_SIGINFO
SIGUSR1: SIG_DFL, sa_mask[0]=00000000000000000000000000000000, sa_flags=none
SIGUSR2: [libjvm.so+0x923610], sa_mask[0]=00100000000000000000000000000000, sa_flags=SA_RESTART|SA_SIGINFO
SIGHUP: [libjvm.so+0x924a10], sa_mask[0]=11111111011111111101111111111110, sa_flags=SA_RESTART|SA_SIGINFO
SIGINT: [libjvm.so+0x924a10], sa_mask[0]=11111111011111111101111111111110, sa_flags=SA_RESTART|SA_SIGINFO
SIGTERM: [libjvm.so+0x924a10], sa_mask[0]=11111111011111111101111111111110, sa_flags=SA_RESTART|SA_SIGINFO
SIGQUIT: [libjvm.so+0x924a10], sa_mask[0]=11111111011111111101111111111110, sa_flags=SA_RESTART|SA_SIGINFO


---------------  S Y S T E M  ---------------

OS:DISTRIB_ID=Ubuntu
DISTRIB_RELEASE=18.04
DISTRIB_CODENAME=bionic
DISTRIB_DESCRIPTION="Ubuntu 18.04.1 LTS"

uname:Linux 4.15.0-32-generic #35-Ubuntu SMP Fri Aug 10 17:58:07 UTC 2018 x86_64
libc:glibc 2.27 NPTL 2.27 
rlimit: STACK 8192k, CORE 0k, NPROC 23348, NOFILE 4096, AS infinity
load average:2,41 2,83 2,35

/proc/meminfo:
MemTotal:        6046240 kB
MemFree:         1371580 kB
MemAvailable:    2273488 kB
Buffers:           64508 kB
Cached:           755288 kB
SwapCached:          604 kB
Active:          3165616 kB
Inactive:        1073704 kB
Active(anon):    2727980 kB
Inactive(anon):   441296 kB
Active(file):     437636 kB
Inactive(file):   632408 kB
Unevictable:         200 kB
Mlocked:             200 kB
SwapTotal:       6288380 kB
SwapFree:        6269436 kB
Dirty:               348 kB
Writeback:             0 kB
AnonPages:       3419288 kB
Mapped:           502848 kB
Shmem:             58416 kB
Slab:             212124 kB
SReclaimable:      86092 kB
SUnreclaim:       126032 kB
KernelStack:       14880 kB
PageTables:        50020 kB
NFS_Unstable:          0 kB
Bounce:                0 kB
WritebackTmp:          0 kB
CommitLimit:     9311500 kB
Committed_AS:    8320512 kB
VmallocTotal:   34359738367 kB
VmallocUsed:           0 kB
VmallocChunk:          0 kB
HardwareCorrupted:     0 kB
AnonHugePages:         0 kB
ShmemHugePages:        0 kB
ShmemPmdMapped:        0 kB
CmaTotal:              0 kB
CmaFree:               0 kB
HugePages_Total:       0
HugePages_Free:        0
HugePages_Rsvd:        0
HugePages_Surp:        0
Hugepagesize:       2048 kB
DirectMap4k:      452788 kB
DirectMap2M:     5781504 kB


CPU:total 8 (initial active 8) (4 cores per cpu, 2 threads per core) family 6 model 58 stepping 9, cmov, cx8, fxsr, mmx, sse, sse2, sse3, ssse3, sse4.1, sse4.2, popcnt, avx, aes, clmul, erms, ht, tsc, tscinvbit, tscinv

/proc/cpuinfo:
processor	: 0
vendor_id	: GenuineIntel
cpu family	: 6
model		: 58
model name	: Intel(R) Core(TM) i7-3770 CPU @ 3.40GHz
stepping	: 9
microcode	: 0x1f
cpu MHz		: 3691.948
cache size	: 8192 KB
physical id	: 0
siblings	: 8
core id		: 0
cpu cores	: 4
apicid		: 0
initial apicid	: 0
fpu		: yes
fpu_exception	: yes
cpuid level	: 13
wp		: yes
flags		: fpu vme de pse tsc msr pae mce cx8 apic sep mtrr pge mca cmov pat pse36 clflush dts acpi mmx fxsr sse sse2 ss ht tm pbe syscall nx rdtscp lm constant_tsc arch_perfmon pebs bts rep_good nopl xtopology nonstop_tsc cpuid aperfmperf pni pclmulqdq dtes64 monitor ds_cpl vmx smx est tm2 ssse3 cx16 xtpr pdcm pcid sse4_1 sse4_2 x2apic popcnt tsc_deadline_timer aes xsave avx f16c rdrand lahf_lm cpuid_fault epb pti ibrs ibpb stibp tpr_shadow vnmi flexpriority ept vpid fsgsbase smep erms xsaveopt dtherm ida arat pln pts
bugs		: cpu_meltdown spectre_v1 spectre_v2 spec_store_bypass l1tf
bogomips	: 6785.02
clflush size	: 64
cache_alignment	: 64
address sizes	: 36 bits physical, 48 bits virtual
power management:

processor	: 1
vendor_id	: GenuineIntel
cpu family	: 6
model		: 58
model name	: Intel(R) Core(TM) i7-3770 CPU @ 3.40GHz
stepping	: 9
microcode	: 0x1f
cpu MHz		: 3691.996
cache size	: 8192 KB
physical id	: 0
siblings	: 8
core id		: 1
cpu cores	: 4
apicid		: 2
initial apicid	: 2
fpu		: yes
fpu_exception	: yes
cpuid level	: 13
wp		: yes
flags		: fpu vme de pse tsc msr pae mce cx8 apic sep mtrr pge mca cmov pat pse36 clflush dts acpi mmx fxsr sse sse2 ss ht tm pbe syscall nx rdtscp lm constant_tsc arch_perfmon pebs bts rep_good nopl xtopology nonstop_tsc cpuid aperfmperf pni pclmulqdq dtes64 monitor ds_cpl vmx smx est tm2 ssse3 cx16 xtpr pdcm pcid sse4_1 sse4_2 x2apic popcnt tsc_deadline_timer aes xsave avx f16c rdrand lahf_lm cpuid_fault epb pti ibrs ibpb stibp tpr_shadow vnmi flexpriority ept vpid fsgsbase smep erms xsaveopt dtherm ida arat pln pts
bugs		: cpu_meltdown spectre_v1 spectre_v2 spec_store_bypass l1tf
bogomips	: 6785.02
clflush size	: 64
cache_alignment	: 64
address sizes	: 36 bits physical, 48 bits virtual
power management:

processor	: 2
vendor_id	: GenuineIntel
cpu family	: 6
model		: 58
model name	: Intel(R) Core(TM) i7-3770 CPU @ 3.40GHz
stepping	: 9
microcode	: 0x1f
cpu MHz		: 3689.402
cache size	: 8192 KB
physical id	: 0
siblings	: 8
core id		: 2
cpu cores	: 4
apicid		: 4
initial apicid	: 4
fpu		: yes
fpu_exception	: yes
cpuid level	: 13
wp		: yes
flags		: fpu vme de pse tsc msr pae mce cx8 apic sep mtrr pge mca cmov pat pse36 clflush dts acpi mmx fxsr sse sse2 ss ht tm pbe syscall nx rdtscp lm constant_tsc arch_perfmon pebs bts rep_good nopl xtopology nonstop_tsc cpuid aperfmperf pni pclmulqdq dtes64 monitor ds_cpl vmx smx est tm2 ssse3 cx16 xtpr pdcm pcid sse4_1 sse4_2 x2apic popcnt tsc_deadline_timer aes xsave avx f16c rdrand lahf_lm cpuid_fault epb pti ibrs ibpb stibp tpr_shadow vnmi flexpriority ept vpid fsgsbase smep erms xsaveopt dtherm ida arat pln pts
bugs		: cpu_meltdown spectre_v1 spectre_v2 spec_store_bypass l1tf
bogomips	: 6785.02
clflush size	: 64
cache_alignment	: 64
address sizes	: 36 bits physical, 48 bits virtual
power management:

processor	: 3
vendor_id	: GenuineIntel
cpu family	: 6
model		: 58
model name	: Intel(R) Core(TM) i7-3770 CPU @ 3.40GHz
stepping	: 9
microcode	: 0x1f
cpu MHz		: 3688.685
cache size	: 8192 KB
physical id	: 0
siblings	: 8
core id		: 3
cpu cores	: 4
apicid		: 6
initial apicid	: 6
fpu		: yes
fpu_exception	: yes
cpuid level	: 13
wp		: yes
flags		: fpu vme de pse tsc msr pae mce cx8 apic sep mtrr pge mca cmov pat pse36 clflush dts acpi mmx fxsr sse sse2 ss ht tm pbe syscall nx rdtscp lm constant_tsc arch_perfmon pebs bts rep_good nopl xtopology nonstop_tsc cpuid aperfmperf pni pclmulqdq dtes64 monitor ds_cpl vmx smx est tm2 ssse3 cx16 xtpr pdcm pcid sse4_1 sse4_2 x2apic popcnt tsc_deadline_timer aes xsave avx f16c rdrand lahf_lm cpuid_fault epb pti ibrs ibpb stibp tpr_shadow vnmi flexpriority ept vpid fsgsbase smep erms xsaveopt dtherm ida arat pln pts
bugs		: cpu_meltdown spectre_v1 spectre_v2 spec_store_bypass l1tf
bogomips	: 6785.02
clflush size	: 64
cache_alignment	: 64
address sizes	: 36 bits physical, 48 bits virtual
power management:

processor	: 4
vendor_id	: GenuineIntel
cpu family	: 6
model		: 58
model name	: Intel(R) Core(TM) i7-3770 CPU @ 3.40GHz
stepping	: 9
microcode	: 0x1f
cpu MHz		: 3691.832
cache size	: 8192 KB
physical id	: 0
siblings	: 8
core id		: 0
cpu cores	: 4
apicid		: 1
initial apicid	: 1
fpu		: yes
fpu_exception	: yes
cpuid level	: 13
wp		: yes
flags		: fpu vme de pse tsc msr pae mce cx8 apic sep mtrr pge mca cmov pat pse36 clflush dts acpi mmx fxsr sse sse2 ss ht tm pbe syscall nx rdtscp lm constant_tsc arch_perfmon pebs bts rep_good nopl xtopology nonstop_tsc cpuid aperfmperf pni pclmulqdq dtes64 monitor ds_cpl vmx smx est tm2 ssse3 cx16 xtpr pdcm pcid sse4_1 sse4_2 x2apic popcnt tsc_deadline_timer aes xsave avx f16c rdrand lahf_lm cpuid_fault epb pti ibrs ibpb stibp tpr_shadow vnmi flexpriority ept vpid fsgsbase smep erms xsaveopt dtherm ida arat pln pts
bugs		: cpu_meltdown spectre_v1 spectre_v2 spec_store_bypass l1tf
bogomips	: 6785.02
clflush size	: 64
cache_alignment	: 64
address sizes	: 36 bits physical, 48 bits virtual
power management:

processor	: 5
vendor_id	: GenuineIntel
cpu family	: 6
model		: 58
model name	: Intel(R) Core(TM) i7-3770 CPU @ 3.40GHz
stepping	: 9
microcode	: 0x1f
cpu MHz		: 3691.854
cache size	: 8192 KB
physical id	: 0
siblings	: 8
core id		: 1
cpu cores	: 4
apicid		: 3
initial apicid	: 3
fpu		: yes
fpu_exception	: yes
cpuid level	: 13
wp		: yes
flags		: fpu vme de pse tsc msr pae mce cx8 apic sep mtrr pge mca cmov pat pse36 clflush dts acpi mmx fxsr sse sse2 ss ht tm pbe syscall nx rdtscp lm constant_tsc arch_perfmon pebs bts rep_good nopl xtopology nonstop_tsc cpuid aperfmperf pni pclmulqdq dtes64 monitor ds_cpl vmx smx est tm2 ssse3 cx16 xtpr pdcm pcid sse4_1 sse4_2 x2apic popcnt tsc_deadline_timer aes xsave avx f16c rdrand lahf_lm cpuid_fault epb pti ibrs ibpb stibp tpr_shadow vnmi flexpriority ept vpid fsgsbase smep erms xsaveopt dtherm ida arat pln pts
bugs		: cpu_meltdown spectre_v1 spectre_v2 spec_store_bypass l1tf
bogomips	: 6785.02
clflush size	: 64
cache_alignment	: 64
address sizes	: 36 bits physical, 48 bits virtual
power management:

processor	: 6
vendor_id	: GenuineIntel
cpu family	: 6
model		: 58
model name	: Intel(R) Core(TM) i7-3770 CPU @ 3.40GHz
stepping	: 9
microcode	: 0x1f
cpu MHz		: 3691.815
cache size	: 8192 KB
physical id	: 0
siblings	: 8
core id		: 2
cpu cores	: 4
apicid		: 5
initial apicid	: 5
fpu		: yes
fpu_exception	: yes
cpuid level	: 13
wp		: yes
flags		: fpu vme de pse tsc msr pae mce cx8 apic sep mtrr pge mca cmov pat pse36 clflush dts acpi mmx fxsr sse sse2 ss ht tm pbe syscall nx rdtscp lm constant_tsc arch_perfmon pebs bts rep_good nopl xtopology nonstop_tsc cpuid aperfmperf pni pclmulqdq dtes64 monitor ds_cpl vmx smx est tm2 ssse3 cx16 xtpr pdcm pcid sse4_1 sse4_2 x2apic popcnt tsc_deadline_timer aes xsave avx f16c rdrand lahf_lm cpuid_fault epb pti ibrs ibpb stibp tpr_shadow vnmi flexpriority ept vpid fsgsbase smep erms xsaveopt dtherm ida arat pln pts
bugs		: cpu_meltdown spectre_v1 spectre_v2 spec_store_bypass l1tf
bogomips	: 6785.02
clflush size	: 64
cache_alignment	: 64
address sizes	: 36 bits physical, 48 bits virtual
power management:

processor	: 7
vendor_id	: GenuineIntel
cpu family	: 6
model		: 58
model name	: Intel(R) Core(TM) i7-3770 CPU @ 3.40GHz
stepping	: 9
microcode	: 0x1f
cpu MHz		: 3691.644
cache size	: 8192 KB
physical id	: 0
siblings	: 8
core id		: 3
cpu cores	: 4
apicid		: 7
initial apicid	: 7
fpu		: yes
fpu_exception	: yes
cpuid level	: 13
wp		: yes
flags		: fpu vme de pse tsc msr pae mce cx8 apic sep mtrr pge mca cmov pat pse36 clflush dts acpi mmx fxsr sse sse2 ss ht tm pbe syscall nx rdtscp lm constant_tsc arch_perfmon pebs bts rep_good nopl xtopology nonstop_tsc cpuid aperfmperf pni pclmulqdq dtes64 monitor ds_cpl vmx smx est tm2 ssse3 cx16 xtpr pdcm pcid sse4_1 sse4_2 x2apic popcnt tsc_deadline_timer aes xsave avx f16c rdrand lahf_lm cpuid_fault epb pti ibrs ibpb stibp tpr_shadow vnmi flexpriority ept vpid fsgsbase smep erms xsaveopt dtherm ida arat pln pts
bugs		: cpu_meltdown spectre_v1 spectre_v2 spec_store_bypass l1tf
bogomips	: 6785.02
clflush size	: 64
cache_alignment	: 64
address sizes	: 36 bits physical, 48 bits virtual
power management:



Memory: 4k page, physical 6046240k(1371580k free), swap 6288380k(6269436k free)

vm_info: Java HotSpot(TM) 64-Bit Server VM (25.131-b11) for linux-amd64 JRE (1.8.0_131-b11), built on Mar 15 2017 01:23:40 by "java_re" with gcc 4.3.0 20080428 (Red Hat 4.3.0-8)

time: Thu Aug 23 23:21:15 2018
elapsed time: 1203 seconds (0d 0h 20m 3s)

